<?xml version="1.0" encoding="UTF-8"?>
<!-- Generated by org.testng.reporters.JUnitReportReporter -->
<testsuite skipped="0" hostname="bogon" name="org.quickstart.testng.spring.TestSpring" tests="1" failures="0" timestamp="21 十一月 2017 06:15:55 GMT" time="0.007" errors="0">
  <testcase name="testEmailGenerator" time="0.007" classname="org.quickstart.testng.spring.TestSpring"/>
</testsuite> <!-- org.quickstart.testng.spring.TestSpring -->
