<?xml version="1.0" encoding="UTF-8"?>
<!-- Generated by org.testng.reporters.JUnitReportReporter -->
<testsuite skipped="0" hostname="bogon" name="org.quickstart.testng.TestParameters" tests="1" failures="0" timestamp="20 十一月 2017 12:59:25 GMT" time="0.010" errors="0">
  <testcase name="createConnection" time="0.010" classname="org.quickstart.testng.TestParameters"/>
</testsuite> <!-- org.quickstart.testng.TestParameters -->
