<?xml version="1.0" encoding="UTF-8"?>
<!-- Generated by org.testng.reporters.JUnitReportReporter -->
<testsuite skipped="0" hostname="yangzl.local" name="org.quickstart.testng.before.after.TestDBConnection" tests="4" failures="0" timestamp="21 十一月 2017 14:23:36 GMT" time="0.004" errors="0">
  <testcase name="runOtherTest2" time="0.001" classname="org.quickstart.testng.before.after.TestDBConnection"/>
  <testcase name="runOtherTest2" time="0.001" classname="org.quickstart.testng.before.after.TestDBConnection"/>
  <testcase name="runOtherTest1" time="0.001" classname="org.quickstart.testng.before.after.TestDBConnection"/>
  <testcase name="runOtherTest1" time="0.001" classname="org.quickstart.testng.before.after.TestDBConnection"/>
</testsuite> <!-- org.quickstart.testng.before.after.TestDBConnection -->
