<?xml version="1.0" encoding="UTF-8"?>
<!-- Generated by org.testng.reporters.JUnitReportReporter -->
<testsuite skipped="0" hostname="yangzl.local" name="org.quickstart.testng.example.test.TestDatabase" tests="4" failures="0" timestamp="21 十一月 2017 09:47:39 GMT" time="0.012" errors="0">
  <testcase name="testConnectMySQL" time="0.001" classname="org.quickstart.testng.example.test.TestDatabase"/>
  <testcase name="testConnectMongoDB" time="0.009" classname="org.quickstart.testng.example.test.TestDatabase"/>
  <testcase name="testConnectOracle" time="0.001" classname="org.quickstart.testng.example.test.TestDatabase"/>
  <testcase name="testConnectMsSQL" time="0.001" classname="org.quickstart.testng.example.test.TestDatabase"/>
</testsuite> <!-- org.quickstart.testng.example.test.TestDatabase -->
