<?xml version="1.0" encoding="UTF-8"?>
<!-- Generated by org.testng.reporters.JUnitReportReporter -->
<testsuite skipped="0" hostname="bogon" name="org.quickstart.testng.example.test.TestOrder" tests="2" failures="0" timestamp="22 十一月 2017 02:52:03 GMT" time="0.007" errors="0">
  <testcase name="testUpdateOrder" time="0.001" classname="org.quickstart.testng.example.test.TestOrder"/>
  <testcase name="testFindOrder" time="0.006" classname="org.quickstart.testng.example.test.TestOrder"/>
</testsuite> <!-- org.quickstart.testng.example.test.TestOrder -->
