<?xml version="1.0" encoding="UTF-8"?>
<!-- Generated by org.testng.reporters.JUnitReportReporter -->
<testsuite skipped="0" hostname="bogon" name="org.quickstart.testng.example.TestSuit" tests="4" failures="0" timestamp="21 十一月 2017 06:31:59 GMT" time="0.012" errors="0">
  <testcase name="testingMethod2" time="0.001" classname="org.quickstart.testng.example.TestSuit"/>
  <testcase name="testingMethod1" time="0.009" classname="org.quickstart.testng.example.TestSuit"/>
  <testcase name="testingMethod3" time="0.001" classname="org.quickstart.testng.example.TestSuit"/>
  <testcase name="testingMethod1_1" time="0.001" classname="org.quickstart.testng.example.TestSuit"/>
</testsuite> <!-- org.quickstart.testng.example.TestSuit -->
