<?xml version="1.0" encoding="UTF-8"?>
<!-- Generated by org.testng.reporters.JUnitReportReporter -->
<testsuite skipped="0" hostname="yangzl.local" name="org.quickstart.testng.before.after.TestConfiguration" tests="2" failures="0" timestamp="21 十一月 2017 14:23:36 GMT" time="0.007" errors="0">
  <testcase name="runTest2" time="0.002" classname="org.quickstart.testng.before.after.TestConfiguration"/>
  <testcase name="runTest1" time="0.005" classname="org.quickstart.testng.before.after.TestConfiguration"/>
</testsuite> <!-- org.quickstart.testng.before.after.TestConfiguration -->
