<?xml version="1.0" encoding="UTF-8"?>
<!-- Generated by org.testng.reporters.JUnitReportReporter -->
<testsuite skipped="0" hostname="bogon" name="org.quickstart.testng.samples.BinarySearchTest" tests="6" failures="0" timestamp="22 十一月 2017 02:31:27 GMT" time="0.013" errors="0">
  <testcase name="findValue2" time="0.001" classname="org.quickstart.testng.samples.BinarySearchTest"/>
  <testcase name="findValue2" time="0.001" classname="org.quickstart.testng.samples.BinarySearchTest"/>
  <testcase name="findValue" time="0.001" classname="org.quickstart.testng.samples.BinarySearchTest"/>
  <testcase name="findValue" time="0.008" classname="org.quickstart.testng.samples.BinarySearchTest"/>
  <testcase name="findValue2" time="0.001" classname="org.quickstart.testng.samples.BinarySearchTest"/>
  <testcase name="findValue" time="0.001" classname="org.quickstart.testng.samples.BinarySearchTest"/>
</testsuite> <!-- org.quickstart.testng.samples.BinarySearchTest -->
