<?xml version="1.0" encoding="UTF-8"?>
<!-- Generated by org.testng.reporters.JUnitReportReporter -->
<testsuite skipped="0" hostname="bogon" name="org.quickstart.testng.selenium.TestMultipleThreads2" tests="10" failures="0" timestamp="21 十一月 2017 03:57:59 GMT" time="0.039" errors="0">
  <testcase name="testThreadPools" time="0.002" classname="org.quickstart.testng.selenium.TestMultipleThreads2"/>
  <testcase name="testThreadPools" time="0.002" classname="org.quickstart.testng.selenium.TestMultipleThreads2"/>
  <testcase name="testThreadPools" time="0.002" classname="org.quickstart.testng.selenium.TestMultipleThreads2"/>
  <testcase name="testThreadPools" time="0.009" classname="org.quickstart.testng.selenium.TestMultipleThreads2"/>
  <testcase name="testThreadPools" time="0.002" classname="org.quickstart.testng.selenium.TestMultipleThreads2"/>
  <testcase name="testThreadPools" time="0.009" classname="org.quickstart.testng.selenium.TestMultipleThreads2"/>
  <testcase name="testThreadPools" time="0.002" classname="org.quickstart.testng.selenium.TestMultipleThreads2"/>
  <testcase name="testThreadPools" time="0.001" classname="org.quickstart.testng.selenium.TestMultipleThreads2"/>
  <testcase name="testThreadPools" time="0.001" classname="org.quickstart.testng.selenium.TestMultipleThreads2"/>
  <testcase name="testThreadPools" time="0.009" classname="org.quickstart.testng.selenium.TestMultipleThreads2"/>
</testsuite> <!-- org.quickstart.testng.selenium.TestMultipleThreads2 -->
