<?xml version="1.0" encoding="UTF-8"?>
<!-- Generated by org.testng.reporters.JUnitReportReporter -->
<testsuite skipped="0" hostname="bogon" name="org.quickstart.mock.mockito.MockitoTestExample" tests="1" failures="0" timestamp="23 十一月 2017 02:55:01 GMT" time="0.125" errors="0">
  <testcase name="testMethodWithSpecificParameter" time="0.125" classname="org.quickstart.mock.mockito.MockitoTestExample"/>
</testsuite> <!-- org.quickstart.mock.mockito.MockitoTestExample -->
