<?xml version="1.0" encoding="UTF-8"?>
<!-- Generated by org.testng.reporters.JUnitReportReporter -->
<testsuite skipped="0" hostname="bogon" name="org.quickstart.testng.TestNGTest" tests="3" failures="0" timestamp="20 十一月 2017 12:50:36 GMT" time="0.008" errors="0">
  <testcase name="group2Test" time="0.001" classname="org.quickstart.testng.TestNGTest"/>
  <testcase name="group3Test" time="0.003" classname="org.quickstart.testng.TestNGTest"/>
  <testcase name="group1Test" time="0.004" classname="org.quickstart.testng.TestNGTest"/>
</testsuite> <!-- org.quickstart.testng.TestNGTest -->
