<?xml version="1.0" encoding="UTF-8"?>
<!-- Generated by org.testng.reporters.JUnitReportReporter -->
<testsuite skipped="0" hostname="bogon" name="org.quickstart.testng.selenium.TestRepeatThis" tests="10" failures="0" timestamp="20 十一月 2017 13:15:26 GMT" time="0.016" errors="0">
  <testcase name="repeatThis" time="0.009" classname="org.quickstart.testng.selenium.TestRepeatThis"/>
  <testcase name="repeatThis" time="0.001" classname="org.quickstart.testng.selenium.TestRepeatThis"/>
  <testcase name="repeatThis" time="0.001" classname="org.quickstart.testng.selenium.TestRepeatThis"/>
  <testcase name="repeatThis" time="0.000" classname="org.quickstart.testng.selenium.TestRepeatThis"/>
  <testcase name="repeatThis" time="0.000" classname="org.quickstart.testng.selenium.TestRepeatThis"/>
  <testcase name="repeatThis" time="0.001" classname="org.quickstart.testng.selenium.TestRepeatThis"/>
  <testcase name="repeatThis" time="0.001" classname="org.quickstart.testng.selenium.TestRepeatThis"/>
  <testcase name="repeatThis" time="0.001" classname="org.quickstart.testng.selenium.TestRepeatThis"/>
  <testcase name="repeatThis" time="0.001" classname="org.quickstart.testng.selenium.TestRepeatThis"/>
  <testcase name="repeatThis" time="0.001" classname="org.quickstart.testng.selenium.TestRepeatThis"/>
</testsuite> <!-- org.quickstart.testng.selenium.TestRepeatThis -->
