<?xml version="1.0" encoding="UTF-8"?>
<!-- Generated by org.testng.reporters.JUnitReportReporter -->
<testsuite skipped="0" hostname="yangzl.local" name="org.quickstart.testng.simple.CalcTest" tests="2" failures="0" timestamp="21 十一月 2017 14:07:39 GMT" time="0.011" errors="0">
  <testcase name="testDiv" time="0.010" classname="org.quickstart.testng.simple.CalcTest"/>
  <testcase name="testSum" time="0.001" classname="org.quickstart.testng.simple.CalcTest"/>
</testsuite> <!-- org.quickstart.testng.simple.CalcTest -->
