<?xml version="1.0" encoding="UTF-8"?>
<!-- Generated by org.testng.reporters.JUnitReportReporter -->
<testsuite skipped="0" hostname="yangzl.local" name="org.quickstart.testng.example.TestParameters" tests="2" failures="0" timestamp="21 十一月 2017 14:25:20 GMT" time="0.029" errors="0">
  <testcase name="createConnection" time="0.028" classname="org.quickstart.testng.example.TestParameters"/>
  <testcase name="createConnection" time="0.001" classname="org.quickstart.testng.example.TestParameters"/>
</testsuite> <!-- org.quickstart.testng.example.TestParameters -->
