<?xml version="1.0" encoding="UTF-8"?>
<!-- Generated by org.testng.reporters.JUnitReportReporter -->
<testsuite skipped="0" hostname="bogon" name="org.quickstart.testng.selenium.TestMultipleThreads" tests="3" failures="0" timestamp="21 十一月 2017 03:53:45 GMT" time="23.304" errors="0">
  <testcase name="loadTestThisWebsite" time="5.916" classname="org.quickstart.testng.selenium.TestMultipleThreads"/>
  <testcase name="loadTestThisWebsite" time="10.377" classname="org.quickstart.testng.selenium.TestMultipleThreads"/>
  <testcase name="loadTestThisWebsite" time="7.011" classname="org.quickstart.testng.selenium.TestMultipleThreads"/>
</testsuite> <!-- org.quickstart.testng.selenium.TestMultipleThreads -->
