<?xml version="1.0" encoding="UTF-8"?>
<!-- Generated by org.testng.reporters.JUnitReportReporter -->
<testsuite skipped="7" hostname="bogon" name="org.quickstart.testng.example.TestDataProvider" tests="8" failures="0" timestamp="21 十一月 2017 08:16:47 GMT" time="0.009" errors="0">
  <testcase name="parameterIntTest2" time="0.009" classname="org.quickstart.testng.example.TestDataProvider"/>
  <testcase name="test2" classname="org.quickstart.testng.example.TestDataProvider">
    <skipped/>
  </testcase> <!-- test2 -->
  <testcase name="testConnection" classname="org.quickstart.testng.example.TestDataProvider">
    <skipped/>
  </testcase> <!-- testConnection -->
  <testcase name="testGroup2" classname="org.quickstart.testng.example.TestDataProvider">
    <skipped/>
  </testcase> <!-- testGroup2 -->
  <testcase name="testGroup1" classname="org.quickstart.testng.example.TestDataProvider">
    <skipped/>
  </testcase> <!-- testGroup1 -->
  <testcase name="parameterIntTest" classname="org.quickstart.testng.example.TestDataProvider">
    <skipped/>
  </testcase> <!-- parameterIntTest -->
  <testcase name="test" classname="org.quickstart.testng.example.TestDataProvider">
    <skipped/>
  </testcase> <!-- test -->
  <testcase name="test1" classname="org.quickstart.testng.example.TestDataProvider">
    <skipped/>
  </testcase> <!-- test1 -->
</testsuite> <!-- org.quickstart.testng.example.TestDataProvider -->
