<?xml version="1.0" encoding="UTF-8"?>
<!-- Generated by org.testng.reporters.JUnitReportReporter -->
<testsuite skipped="0" hostname="yangzl.local" name="org.quickstart.selenium.example.testng.SeleniumWithTestNGLiveTest" tests="1" failures="0" timestamp="25 十一月 2017 09:19:35 GMT" time="0.983" errors="0">
  <testcase name="whenAboutBaeldungIsLoaded_thenAboutEugenIsMentionedOnPage" time="0.983" classname="org.quickstart.selenium.example.testng.SeleniumWithTestNGLiveTest"/>
</testsuite> <!-- org.quickstart.selenium.example.testng.SeleniumWithTestNGLiveTest -->
